2024-06-18 15:27:50,145 [Worker-0: Loading available Gradle versions] INFO  o.e.b.c.i.u.g.PublishedGradleVersions - Gradle version information cache is up-to-date. Trying to read.
2024-06-18 15:31:47,292 [Worker-9: Creating project "Junit-06"] INFO  o.e.m.c.i.l.LifecycleMappingFactory - Using org.eclipse.m2e.jdt.JarLifecycleMapping lifecycle mapping for MavenProject: com.learning:Junit-06:0.0.1-SNAPSHOT @ D:\_Learning\JavaByTelusko\Codes\Junit\Maven\pom.xml.
2024-06-18 15:31:48,476 [Worker-9: Creating project "Junit-06"] INFO  o.e.m.j.i.AbstractJavaProjectConfigurator - Adding source folder /Junit-06/src/main/java
2024-06-18 15:31:48,478 [Worker-9: Creating project "Junit-06"] INFO  o.e.m.j.i.AbstractJavaProjectConfigurator - Adding resource folder /Junit-06/src/main/resources
2024-06-18 15:31:48,480 [Worker-9: Creating project "Junit-06"] INFO  o.e.m.j.i.AbstractJavaProjectConfigurator - Adding source folder /Junit-06/src/test/java
2024-06-18 15:31:48,481 [Worker-9: Creating project "Junit-06"] INFO  o.e.m.j.i.AbstractJavaProjectConfigurator - Adding resource folder /Junit-06/src/test/resources
2024-06-18 15:31:49,882 [Worker-4: Building] WARN  o.a.m.s.f.DefaultMavenResourcesFiltering - Using platform encoding (Cp1252 actually) to copy filtered resources, i.e. build is platform dependent!
2024-06-18 15:31:49,902 [Worker-4: Building] INFO  o.a.m.s.f.DefaultMavenResourcesFiltering - Copying 0 resource from src\main\resources to target\classes
2024-06-18 15:31:49,908 [Worker-4: Building] WARN  o.a.m.s.f.DefaultMavenResourcesFiltering - Using platform encoding (Cp1252 actually) to copy filtered resources, i.e. build is platform dependent!
2024-06-18 15:31:49,912 [Worker-4: Building] INFO  o.a.m.s.f.DefaultMavenResourcesFiltering - Copying 0 resource from src\test\resources to target\test-classes
2024-06-18 15:36:24,313 [Worker-10: Building] INFO  o.e.m.c.i.l.LifecycleMappingFactory - Using org.eclipse.m2e.jdt.JarLifecycleMapping lifecycle mapping for MavenProject: com.learning:Junit-06:0.0.1-SNAPSHOT @ D:\_Learning\JavaByTelusko\Codes\Junit\Maven\pom.xml.
2024-06-18 15:36:24,850 [Worker-10: Building] INFO  o.e.m.c.i.e.AbstractTransferListenerAdapter - Downloaded https://repo.maven.apache.org/maven2/or/junit/jupiter/junit-jupiter/5.10.0/junit-jupiter-5.10.0.pom
2024-06-18 15:36:24,856 [Worker-10: Building] WARN  o.e.m.c.i.embedder.EclipseLogger - The POM for or.junit.jupiter:junit-jupiter:jar:5.10.0 is missing, no dependency information available
2024-06-18 15:36:24,940 [Worker-10: Building] INFO  o.e.m.c.i.e.AbstractTransferListenerAdapter - Downloaded https://repo.maven.apache.org/maven2/or/junit/jupiter/junit-jupiter/5.10.0/junit-jupiter-5.10.0.jar
2024-06-18 15:36:25,218 [Worker-10: Building] INFO  o.a.m.s.f.DefaultMavenResourcesFiltering - Copying 0 resource from src\main\resources to target\classes
2024-06-18 15:36:25,223 [Worker-10: Building] INFO  o.a.m.s.f.DefaultMavenResourcesFiltering - Copying 0 resource from src\test\resources to target\test-classes
2024-06-18 15:36:26,510 [Worker-6: Download sources and javadoc] INFO  o.e.m.c.i.e.AbstractTransferListenerAdapter - Downloaded https://repo.maven.apache.org/maven2/or/junit/jupiter/junit-jupiter/5.10.0/junit-jupiter-5.10.0-sources.jar
2024-06-18 15:36:26,518 [Worker-6: Download sources and javadoc] ERROR o.e.m.j.internal.DownloadSourcesJob - Could not download sources for or.junit.jupiter:junit-jupiter:5.10.0
org.eclipse.core.runtime.CoreException: Could not resolve artifact or.junit.jupiter:junit-jupiter:jar:sources:5.10.0
	at org.eclipse.m2e.core.internal.embedder.MavenImpl.lambda$6(MavenImpl.java:584)
	at org.eclipse.m2e.core.internal.embedder.MavenExecutionContext.executeBare(MavenExecutionContext.java:394)
	at org.eclipse.m2e.core.internal.embedder.MavenExecutionContext.execute(MavenExecutionContext.java:228)
	at org.eclipse.m2e.core.internal.embedder.MavenExecutionContext.execute(MavenExecutionContext.java:214)
	at org.eclipse.m2e.core.internal.embedder.MavenImpl.resolve(MavenImpl.java:553)
	at org.eclipse.m2e.core.internal.embedder.MavenImpl.resolve(MavenImpl.java:538)
	at org.eclipse.m2e.jdt.internal.DownloadSourcesJob.download(DownloadSourcesJob.java:308)
	at org.eclipse.m2e.jdt.internal.DownloadSourcesJob.downloadAttachments(DownloadSourcesJob.java:282)
	at org.eclipse.m2e.jdt.internal.DownloadSourcesJob.downloadMaven(DownloadSourcesJob.java:252)
	at org.eclipse.m2e.jdt.internal.DownloadSourcesJob.downloadFilesAndPopulateToUpdate(DownloadSourcesJob.java:220)
	at org.eclipse.m2e.jdt.internal.DownloadSourcesJob.lambda$0(DownloadSourcesJob.java:149)
	at org.eclipse.m2e.core.internal.embedder.MavenExecutionContext.executeBare(MavenExecutionContext.java:394)
	at org.eclipse.m2e.core.internal.embedder.MavenExecutionContext.execute(MavenExecutionContext.java:275)
	at org.eclipse.m2e.core.internal.embedder.MavenExecutionContext.execute(MavenExecutionContext.java:214)
	at org.eclipse.m2e.core.embedder.IMaven.execute(IMaven.java:294)
	at org.eclipse.m2e.jdt.internal.DownloadSourcesJob.run(DownloadSourcesJob.java:149)
	at org.eclipse.core.internal.jobs.Worker.run(Worker.java:63)
2024-06-18 15:36:30,499 [Worker-6: Building] INFO  o.e.m.c.i.l.LifecycleMappingFactory - Using org.eclipse.m2e.jdt.JarLifecycleMapping lifecycle mapping for MavenProject: com.learning:Junit-06:0.0.1-SNAPSHOT @ D:\_Learning\JavaByTelusko\Codes\Junit\Maven\pom.xml.
2024-06-18 15:36:31,021 [Worker-6: Building] INFO  o.a.m.s.f.DefaultMavenResourcesFiltering - Copying 0 resource from src\main\resources to target\classes
2024-06-18 15:36:31,026 [Worker-6: Building] INFO  o.a.m.s.f.DefaultMavenResourcesFiltering - Copying 0 resource from src\test\resources to target\test-classes
2024-06-18 15:37:15,102 [Worker-14: Building] INFO  o.e.m.c.i.l.LifecycleMappingFactory - Using org.eclipse.m2e.jdt.JarLifecycleMapping lifecycle mapping for MavenProject: com.learning:Junit-06:0.0.1-SNAPSHOT @ D:\_Learning\JavaByTelusko\Codes\Junit\Maven\pom.xml.
2024-06-18 15:37:15,762 [Worker-14: Building] INFO  o.a.m.s.f.DefaultMavenResourcesFiltering - Copying 0 resource from src\main\resources to target\classes
2024-06-18 15:37:15,766 [Worker-14: Building] INFO  o.a.m.s.f.DefaultMavenResourcesFiltering - Copying 0 resource from src\test\resources to target\test-classes
2024-06-18 15:37:31,083 [Worker-10: Updating Maven Project] INFO  o.e.m.c.i.p.ProjectConfigurationManager - Update started
2024-06-18 15:37:31,510 [Worker-10: Updating Maven Project] INFO  o.e.m.c.i.l.LifecycleMappingFactory - Using org.eclipse.m2e.jdt.JarLifecycleMapping lifecycle mapping for MavenProject: com.learning:Junit-06:0.0.1-SNAPSHOT @ D:\_Learning\JavaByTelusko\Codes\Junit\Maven\pom.xml.
2024-06-18 15:37:31,853 [Worker-10: Updating Maven Project] INFO  o.e.m.j.i.AbstractJavaProjectConfigurator - Adding source folder /Junit-06/src/main/java
2024-06-18 15:37:31,853 [Worker-10: Updating Maven Project] INFO  o.e.m.j.i.AbstractJavaProjectConfigurator - Adding resource folder /Junit-06/src/main/resources
2024-06-18 15:37:31,866 [Worker-10: Updating Maven Project] INFO  o.e.m.j.i.AbstractJavaProjectConfigurator - Adding source folder /Junit-06/src/test/java
2024-06-18 15:37:31,866 [Worker-10: Updating Maven Project] INFO  o.e.m.j.i.AbstractJavaProjectConfigurator - Adding resource folder /Junit-06/src/test/resources
2024-06-18 15:37:32,184 [Worker-10: Updating Maven Project] INFO  o.e.m.c.i.p.ProjectConfigurationManager - Update completed for 1 poms: local refresh takes 0.00 sec, refresh facades takes 0.00 sec, update config takes 0.00 sec 
2024-06-18 15:37:32,315 [Worker-4: Building] INFO  o.a.m.s.f.DefaultMavenResourcesFiltering - Copying 0 resource from src\main\resources to target\classes
2024-06-18 15:37:32,319 [Worker-4: Building] INFO  o.a.m.s.f.DefaultMavenResourcesFiltering - Copying 0 resource from src\test\resources to target\test-classes
2024-06-18 15:38:38,153 [Worker-6: Building] INFO  o.a.m.s.f.DefaultMavenResourcesFiltering - Copying 0 resource from src\main\resources to target\classes
2024-06-18 15:38:38,165 [Worker-6: Building] INFO  o.a.m.s.f.DefaultMavenResourcesFiltering - Copying 0 resource from src\test\resources to target\test-classes
2024-06-18 15:38:44,559 [Worker-13: Building] INFO  o.a.m.s.f.DefaultMavenResourcesFiltering - Copying 0 resource from src\main\resources to target\classes
2024-06-18 15:38:44,563 [Worker-13: Building] INFO  o.a.m.s.f.DefaultMavenResourcesFiltering - Copying 0 resource from src\test\resources to target\test-classes
2024-06-18 15:43:08,633 [Worker-18: Building] INFO  o.a.m.s.f.DefaultMavenResourcesFiltering - Copying 0 resource from src\main\resources to target\classes
2024-06-18 15:43:08,636 [Worker-18: Building] INFO  o.a.m.s.f.DefaultMavenResourcesFiltering - Copying 0 resource from src\test\resources to target\test-classes
2024-06-18 15:44:26,405 [Worker-1: Loading available Gradle versions] INFO  o.e.b.c.i.u.g.PublishedGradleVersions - Gradle version information cache is up-to-date. Trying to read.
2024-06-18 15:46:56,943 [Worker-3: Loading available Gradle versions] INFO  o.e.b.c.i.u.g.PublishedGradleVersions - Gradle version information cache is up-to-date. Trying to read.
2024-06-18 15:50:57,637 [Worker-6: Building] INFO  o.a.m.s.f.DefaultMavenResourcesFiltering - Copying 0 resource from src\main\resources to target\classes
2024-06-18 15:50:57,645 [Worker-6: Building] INFO  o.a.m.s.f.DefaultMavenResourcesFiltering - Copying 0 resource from src\test\resources to target\test-classes
2024-06-18 15:51:02,268 [Worker-11: Building] INFO  o.a.m.s.f.DefaultMavenResourcesFiltering - Copying 0 resource from src\main\resources to target\classes
2024-06-18 15:51:02,273 [Worker-11: Building] INFO  o.a.m.s.f.DefaultMavenResourcesFiltering - Copying 0 resource from src\test\resources to target\test-classes
2024-06-18 15:51:27,709 [Worker-1: Building] INFO  o.e.m.c.i.l.LifecycleMappingFactory - Using org.eclipse.m2e.jdt.JarLifecycleMapping lifecycle mapping for MavenProject: com.learning:Junit-06:0.0.1-SNAPSHOT @ D:\_Learning\JavaByTelusko\Codes\Junit\Maven\pom.xml.
2024-06-18 15:51:28,190 [Worker-1: Building] INFO  o.a.m.s.f.DefaultMavenResourcesFiltering - Copying 0 resource from src\main\resources to target\classes
2024-06-18 15:51:28,196 [Worker-1: Building] INFO  o.a.m.s.f.DefaultMavenResourcesFiltering - Copying 0 resource from src\test\resources to target\test-classes
2024-06-18 15:51:34,727 [Worker-9: Updating Maven Project] INFO  o.e.m.c.i.p.ProjectConfigurationManager - Update started
2024-06-18 15:51:35,134 [Worker-9: Updating Maven Project] INFO  o.e.m.c.i.l.LifecycleMappingFactory - Using org.eclipse.m2e.jdt.JarLifecycleMapping lifecycle mapping for MavenProject: com.learning:Junit-06:0.0.1-SNAPSHOT @ D:\_Learning\JavaByTelusko\Codes\Junit\Maven\pom.xml.
2024-06-18 15:51:35,556 [Worker-9: Updating Maven Project] INFO  o.e.m.j.i.AbstractJavaProjectConfigurator - Adding source folder /Junit-06/src/main/java
2024-06-18 15:51:35,557 [Worker-9: Updating Maven Project] INFO  o.e.m.j.i.AbstractJavaProjectConfigurator - Adding resource folder /Junit-06/src/main/resources
2024-06-18 15:51:35,559 [Worker-9: Updating Maven Project] INFO  o.e.m.j.i.AbstractJavaProjectConfigurator - Adding source folder /Junit-06/src/test/java
2024-06-18 15:51:35,559 [Worker-9: Updating Maven Project] INFO  o.e.m.j.i.AbstractJavaProjectConfigurator - Adding resource folder /Junit-06/src/test/resources
2024-06-18 15:51:35,849 [Worker-9: Updating Maven Project] INFO  o.e.m.c.i.p.ProjectConfigurationManager - Update completed for 1 poms: local refresh takes 0.00 sec, refresh facades takes 0.00 sec, update config takes 0.00 sec 
2024-06-18 15:51:36,048 [Worker-5: Building] INFO  o.a.m.s.f.DefaultMavenResourcesFiltering - Copying 0 resource from src\main\resources to target\classes
2024-06-18 15:51:36,054 [Worker-5: Building] INFO  o.a.m.s.f.DefaultMavenResourcesFiltering - Copying 0 resource from src\test\resources to target\test-classes
2024-06-18 15:52:30,338 [Worker-8: Building] INFO  o.a.m.s.f.DefaultMavenResourcesFiltering - Copying 0 resource from src\main\resources to target\classes
2024-06-18 15:52:30,343 [Worker-8: Building] INFO  o.a.m.s.f.DefaultMavenResourcesFiltering - Copying 0 resource from src\test\resources to target\test-classes
2024-06-18 15:53:32,805 [Worker-2: Building] INFO  o.a.m.s.f.DefaultMavenResourcesFiltering - Copying 0 resource from src\main\resources to target\classes
2024-06-18 15:53:32,812 [Worker-2: Building] INFO  o.a.m.s.f.DefaultMavenResourcesFiltering - Copying 0 resource from src\test\resources to target\test-classes
2024-06-18 15:54:10,197 [Worker-11: Building] INFO  o.a.m.s.f.DefaultMavenResourcesFiltering - Copying 0 resource from src\main\resources to target\classes
2024-06-18 15:54:10,202 [Worker-11: Building] INFO  o.a.m.s.f.DefaultMavenResourcesFiltering - Copying 0 resource from src\test\resources to target\test-classes
2024-06-18 15:54:13,720 [Worker-4: Building] INFO  o.a.m.s.f.DefaultMavenResourcesFiltering - Copying 0 resource from src\main\resources to target\classes
2024-06-18 15:54:13,723 [Worker-4: Building] INFO  o.a.m.s.f.DefaultMavenResourcesFiltering - Copying 0 resource from src\test\resources to target\test-classes
2024-06-18 15:54:43,707 [Worker-4: Building] INFO  o.a.m.s.f.DefaultMavenResourcesFiltering - Copying 0 resource from src\main\resources to target\classes
2024-06-18 15:54:43,711 [Worker-4: Building] INFO  o.a.m.s.f.DefaultMavenResourcesFiltering - Copying 0 resource from src\test\resources to target\test-classes
2024-06-18 15:54:56,013 [Worker-5: Building] INFO  o.a.m.s.f.DefaultMavenResourcesFiltering - Copying 0 resource from src\main\resources to target\classes
2024-06-18 15:54:56,017 [Worker-5: Building] INFO  o.a.m.s.f.DefaultMavenResourcesFiltering - Copying 0 resource from src\test\resources to target\test-classes
2024-06-18 15:55:03,301 [Worker-0: Building] INFO  o.a.m.s.f.DefaultMavenResourcesFiltering - Copying 0 resource from src\main\resources to target\classes
2024-06-18 15:55:03,306 [Worker-0: Building] INFO  o.a.m.s.f.DefaultMavenResourcesFiltering - Copying 0 resource from src\test\resources to target\test-classes
2024-06-18 16:04:51,262 [Worker-8: Launching JunitTrial] INFO  o.e.m.c.i.e.AbstractTransferListenerAdapter - Downloading https://repo.maven.apache.org/maven2/org/junit/platform/junit-platform-launcher/1.10.0/junit-platform-launcher-1.10.0.jar
2024-06-18 16:04:51,523 [Worker-8: Launching JunitTrial] INFO  o.e.m.c.i.e.AbstractTransferListenerAdapter - Downloaded https://repo.maven.apache.org/maven2/org/junit/platform/junit-platform-launcher/1.10.0/junit-platform-launcher-1.10.0.jar
2024-06-18 16:16:22,227 [Worker-15: Building] INFO  o.e.m.c.i.e.AbstractTransferListenerAdapter - Downloading https://repo.maven.apache.org/maven2/org/apache/maven/plugins/maven-metadata.xml
2024-06-18 16:16:22,263 [Worker-15: Building] INFO  o.e.m.c.i.e.AbstractTransferListenerAdapter - Downloaded https://repo.maven.apache.org/maven2/org/apache/maven/plugins/maven-metadata.xml
2024-06-18 16:16:22,282 [Worker-15: Building] INFO  o.e.m.c.i.l.LifecycleMappingFactory - Using org.eclipse.m2e.jdt.JarLifecycleMapping lifecycle mapping for MavenProject: com.learning:Junit-06:0.0.1-SNAPSHOT @ D:\_Learning\JavaByTelusko\Codes\Junit\Maven\pom.xml.
2024-06-18 16:16:36,814 [Worker-18: Building] INFO  o.e.m.c.i.l.LifecycleMappingFactory - Using org.eclipse.m2e.jdt.JarLifecycleMapping lifecycle mapping for MavenProject: com.learning:Junit-06:0.0.1-SNAPSHOT @ D:\_Learning\JavaByTelusko\Codes\Junit\Maven\pom.xml.
2024-06-18 16:16:37,184 [Worker-18: Building] INFO  o.a.m.s.f.DefaultMavenResourcesFiltering - Copying 0 resource from src\main\resources to target\classes
2024-06-18 16:16:37,193 [Worker-18: Building] INFO  o.a.m.s.f.DefaultMavenResourcesFiltering - Copying 0 resource from src\test\resources to target\test-classes
2024-06-18 16:17:47,249 [Worker-15: Launching Executing test in D___Learning_JavaByTelusko_Codes_Junit_Maven] INFO  o.eclipse.m2e.core.internal.Bundles - getClasspathEntries(Bundle=org.eclipse.m2e.maven.runtime_3.9.400.20230826-0755 [295])
2024-06-18 16:17:47,252 [Worker-15: Launching Executing test in D___Learning_JavaByTelusko_Codes_Junit_Maven] INFO  o.eclipse.m2e.core.internal.Bundles - 	Entry: C:\Users\AGL\.p2\pool\plugins\org.eclipse.m2e.maven.runtime_3.9.400.20230826-0755
2024-06-18 16:17:47,253 [Worker-15: Launching Executing test in D___Learning_JavaByTelusko_Codes_Junit_Maven] INFO  o.eclipse.m2e.core.internal.Bundles - 	Entry: C:\Users\AGL\.p2\pool\plugins\org.eclipse.m2e.maven.runtime_3.9.400.20230826-0755\jars\aether-connector-okhttp-0.17.8.jar
2024-06-18 16:17:47,254 [Worker-15: Launching Executing test in D___Learning_JavaByTelusko_Codes_Junit_Maven] INFO  o.eclipse.m2e.core.internal.Bundles - 	Entry: C:\Users\AGL\.p2\pool\plugins\org.eclipse.m2e.maven.runtime_3.9.400.20230826-0755\jars\aopalliance-1.0.jar
2024-06-18 16:17:47,254 [Worker-15: Launching Executing test in D___Learning_JavaByTelusko_Codes_Junit_Maven] INFO  o.eclipse.m2e.core.internal.Bundles - 	Entry: C:\Users\AGL\.p2\pool\plugins\org.eclipse.m2e.maven.runtime_3.9.400.20230826-0755\jars\commons-lang3-3.12.0.jar
2024-06-18 16:17:47,255 [Worker-15: Launching Executing test in D___Learning_JavaByTelusko_Codes_Junit_Maven] INFO  o.eclipse.m2e.core.internal.Bundles - 	Entry: C:\Users\AGL\.p2\pool\plugins\org.eclipse.m2e.maven.runtime_3.9.400.20230826-0755\jars\guice-5.1.0.jar
2024-06-18 16:17:47,255 [Worker-15: Launching Executing test in D___Learning_JavaByTelusko_Codes_Junit_Maven] INFO  o.eclipse.m2e.core.internal.Bundles - 	Entry: C:\Users\AGL\.p2\pool\plugins\org.eclipse.m2e.maven.runtime_3.9.400.20230826-0755\jars\jansi-2.4.0.jar
2024-06-18 16:17:47,256 [Worker-15: Launching Executing test in D___Learning_JavaByTelusko_Codes_Junit_Maven] INFO  o.eclipse.m2e.core.internal.Bundles - 	Entry: C:\Users\AGL\.p2\pool\plugins\org.eclipse.m2e.maven.runtime_3.9.400.20230826-0755\jars\maven-artifact-3.9.4.jar
2024-06-18 16:17:47,256 [Worker-15: Launching Executing test in D___Learning_JavaByTelusko_Codes_Junit_Maven] INFO  o.eclipse.m2e.core.internal.Bundles - 	Entry: C:\Users\AGL\.p2\pool\plugins\org.eclipse.m2e.maven.runtime_3.9.400.20230826-0755\jars\maven-builder-support-3.9.4.jar
2024-06-18 16:17:47,256 [Worker-15: Launching Executing test in D___Learning_JavaByTelusko_Codes_Junit_Maven] INFO  o.eclipse.m2e.core.internal.Bundles - 	Entry: C:\Users\AGL\.p2\pool\plugins\org.eclipse.m2e.maven.runtime_3.9.400.20230826-0755\jars\maven-compat-3.9.4.jar
2024-06-18 16:17:47,257 [Worker-15: Launching Executing test in D___Learning_JavaByTelusko_Codes_Junit_Maven] INFO  o.eclipse.m2e.core.internal.Bundles - 	Entry: C:\Users\AGL\.p2\pool\plugins\org.eclipse.m2e.maven.runtime_3.9.400.20230826-0755\jars\maven-core-3.9.4.jar
2024-06-18 16:17:47,257 [Worker-15: Launching Executing test in D___Learning_JavaByTelusko_Codes_Junit_Maven] INFO  o.eclipse.m2e.core.internal.Bundles - 	Entry: C:\Users\AGL\.p2\pool\plugins\org.eclipse.m2e.maven.runtime_3.9.400.20230826-0755\jars\maven-embedder-3.9.4.jar
2024-06-18 16:17:47,258 [Worker-15: Launching Executing test in D___Learning_JavaByTelusko_Codes_Junit_Maven] INFO  o.eclipse.m2e.core.internal.Bundles - 	Entry: C:\Users\AGL\.p2\pool\plugins\org.eclipse.m2e.maven.runtime_3.9.400.20230826-0755\jars\maven-model-3.9.4.jar
2024-06-18 16:17:47,258 [Worker-15: Launching Executing test in D___Learning_JavaByTelusko_Codes_Junit_Maven] INFO  o.eclipse.m2e.core.internal.Bundles - 	Entry: C:\Users\AGL\.p2\pool\plugins\org.eclipse.m2e.maven.runtime_3.9.400.20230826-0755\jars\maven-model-builder-3.9.4.jar
2024-06-18 16:17:47,259 [Worker-15: Launching Executing test in D___Learning_JavaByTelusko_Codes_Junit_Maven] INFO  o.eclipse.m2e.core.internal.Bundles - 	Entry: C:\Users\AGL\.p2\pool\plugins\org.eclipse.m2e.maven.runtime_3.9.400.20230826-0755\jars\maven-plugin-api-3.9.4.jar
2024-06-18 16:17:47,259 [Worker-15: Launching Executing test in D___Learning_JavaByTelusko_Codes_Junit_Maven] INFO  o.eclipse.m2e.core.internal.Bundles - 	Entry: C:\Users\AGL\.p2\pool\plugins\org.eclipse.m2e.maven.runtime_3.9.400.20230826-0755\jars\maven-repository-metadata-3.9.4.jar
2024-06-18 16:17:47,260 [Worker-15: Launching Executing test in D___Learning_JavaByTelusko_Codes_Junit_Maven] INFO  o.eclipse.m2e.core.internal.Bundles - 	Entry: C:\Users\AGL\.p2\pool\plugins\org.eclipse.m2e.maven.runtime_3.9.400.20230826-0755\jars\maven-resolver-api-1.9.14.jar
2024-06-18 16:17:47,260 [Worker-15: Launching Executing test in D___Learning_JavaByTelusko_Codes_Junit_Maven] INFO  o.eclipse.m2e.core.internal.Bundles - 	Entry: C:\Users\AGL\.p2\pool\plugins\org.eclipse.m2e.maven.runtime_3.9.400.20230826-0755\jars\maven-resolver-connector-basic-1.9.14.jar
2024-06-18 16:17:47,260 [Worker-15: Launching Executing test in D___Learning_JavaByTelusko_Codes_Junit_Maven] INFO  o.eclipse.m2e.core.internal.Bundles - 	Entry: C:\Users\AGL\.p2\pool\plugins\org.eclipse.m2e.maven.runtime_3.9.400.20230826-0755\jars\maven-resolver-impl-1.9.14.jar
2024-06-18 16:17:47,261 [Worker-15: Launching Executing test in D___Learning_JavaByTelusko_Codes_Junit_Maven] INFO  o.eclipse.m2e.core.internal.Bundles - 	Entry: C:\Users\AGL\.p2\pool\plugins\org.eclipse.m2e.maven.runtime_3.9.400.20230826-0755\jars\maven-resolver-named-locks-1.9.14.jar
2024-06-18 16:17:47,261 [Worker-15: Launching Executing test in D___Learning_JavaByTelusko_Codes_Junit_Maven] INFO  o.eclipse.m2e.core.internal.Bundles - 	Entry: C:\Users\AGL\.p2\pool\plugins\org.eclipse.m2e.maven.runtime_3.9.400.20230826-0755\jars\maven-resolver-provider-3.9.4.jar
2024-06-18 16:17:47,262 [Worker-15: Launching Executing test in D___Learning_JavaByTelusko_Codes_Junit_Maven] INFO  o.eclipse.m2e.core.internal.Bundles - 	Entry: C:\Users\AGL\.p2\pool\plugins\org.eclipse.m2e.maven.runtime_3.9.400.20230826-0755\jars\maven-resolver-spi-1.9.14.jar
2024-06-18 16:17:47,262 [Worker-15: Launching Executing test in D___Learning_JavaByTelusko_Codes_Junit_Maven] INFO  o.eclipse.m2e.core.internal.Bundles - 	Entry: C:\Users\AGL\.p2\pool\plugins\org.eclipse.m2e.maven.runtime_3.9.400.20230826-0755\jars\maven-resolver-transport-wagon-1.9.14.jar
2024-06-18 16:17:47,263 [Worker-15: Launching Executing test in D___Learning_JavaByTelusko_Codes_Junit_Maven] INFO  o.eclipse.m2e.core.internal.Bundles - 	Entry: C:\Users\AGL\.p2\pool\plugins\org.eclipse.m2e.maven.runtime_3.9.400.20230826-0755\jars\maven-resolver-util-1.9.14.jar
2024-06-18 16:17:47,263 [Worker-15: Launching Executing test in D___Learning_JavaByTelusko_Codes_Junit_Maven] INFO  o.eclipse.m2e.core.internal.Bundles - 	Entry: C:\Users\AGL\.p2\pool\plugins\org.eclipse.m2e.maven.runtime_3.9.400.20230826-0755\jars\maven-settings-3.9.4.jar
2024-06-18 16:17:47,264 [Worker-15: Launching Executing test in D___Learning_JavaByTelusko_Codes_Junit_Maven] INFO  o.eclipse.m2e.core.internal.Bundles - 	Entry: C:\Users\AGL\.p2\pool\plugins\org.eclipse.m2e.maven.runtime_3.9.400.20230826-0755\jars\maven-settings-builder-3.9.4.jar
2024-06-18 16:17:47,264 [Worker-15: Launching Executing test in D___Learning_JavaByTelusko_Codes_Junit_Maven] INFO  o.eclipse.m2e.core.internal.Bundles - 	Entry: C:\Users\AGL\.p2\pool\plugins\org.eclipse.m2e.maven.runtime_3.9.400.20230826-0755\jars\maven-shared-utils-3.3.4.jar
2024-06-18 16:17:47,265 [Worker-15: Launching Executing test in D___Learning_JavaByTelusko_Codes_Junit_Maven] INFO  o.eclipse.m2e.core.internal.Bundles - 	Entry: C:\Users\AGL\.p2\pool\plugins\org.eclipse.m2e.maven.runtime_3.9.400.20230826-0755\jars\okhttp-3.14.1.jar
2024-06-18 16:17:47,265 [Worker-15: Launching Executing test in D___Learning_JavaByTelusko_Codes_Junit_Maven] INFO  o.eclipse.m2e.core.internal.Bundles - 	Entry: C:\Users\AGL\.p2\pool\plugins\org.eclipse.m2e.maven.runtime_3.9.400.20230826-0755\jars\okio-1.17.3.jar
2024-06-18 16:17:47,265 [Worker-15: Launching Executing test in D___Learning_JavaByTelusko_Codes_Junit_Maven] INFO  o.eclipse.m2e.core.internal.Bundles - 	Entry: C:\Users\AGL\.p2\pool\plugins\org.eclipse.m2e.maven.runtime_3.9.400.20230826-0755\jars\org.eclipse.sisu.inject-0.3.5.jar
2024-06-18 16:17:47,266 [Worker-15: Launching Executing test in D___Learning_JavaByTelusko_Codes_Junit_Maven] INFO  o.eclipse.m2e.core.internal.Bundles - 	Entry: C:\Users\AGL\.p2\pool\plugins\org.eclipse.m2e.maven.runtime_3.9.400.20230826-0755\jars\org.eclipse.sisu.plexus-0.3.5.jar
2024-06-18 16:17:47,266 [Worker-15: Launching Executing test in D___Learning_JavaByTelusko_Codes_Junit_Maven] INFO  o.eclipse.m2e.core.internal.Bundles - 	Entry: C:\Users\AGL\.p2\pool\plugins\org.eclipse.m2e.maven.runtime_3.9.400.20230826-0755\jars\plexus-build-api-0.0.7.jar
2024-06-18 16:17:47,267 [Worker-15: Launching Executing test in D___Learning_JavaByTelusko_Codes_Junit_Maven] INFO  o.eclipse.m2e.core.internal.Bundles - 	Entry: C:\Users\AGL\.p2\pool\plugins\org.eclipse.m2e.maven.runtime_3.9.400.20230826-0755\jars\plexus-cipher-2.0.jar
2024-06-18 16:17:47,267 [Worker-15: Launching Executing test in D___Learning_JavaByTelusko_Codes_Junit_Maven] INFO  o.eclipse.m2e.core.internal.Bundles - 	Entry: C:\Users\AGL\.p2\pool\plugins\org.eclipse.m2e.maven.runtime_3.9.400.20230826-0755\jars\plexus-classworlds-2.7.0.jar
2024-06-18 16:17:47,267 [Worker-15: Launching Executing test in D___Learning_JavaByTelusko_Codes_Junit_Maven] INFO  o.eclipse.m2e.core.internal.Bundles - 	Entry: C:\Users\AGL\.p2\pool\plugins\org.eclipse.m2e.maven.runtime_3.9.400.20230826-0755\jars\plexus-component-annotations-2.1.0.jar
2024-06-18 16:17:47,268 [Worker-15: Launching Executing test in D___Learning_JavaByTelusko_Codes_Junit_Maven] INFO  o.eclipse.m2e.core.internal.Bundles - 	Entry: C:\Users\AGL\.p2\pool\plugins\org.eclipse.m2e.maven.runtime_3.9.400.20230826-0755\jars\plexus-interpolation-1.26.jar
2024-06-18 16:17:47,268 [Worker-15: Launching Executing test in D___Learning_JavaByTelusko_Codes_Junit_Maven] INFO  o.eclipse.m2e.core.internal.Bundles - 	Entry: C:\Users\AGL\.p2\pool\plugins\org.eclipse.m2e.maven.runtime_3.9.400.20230826-0755\jars\plexus-sec-dispatcher-2.0.jar
2024-06-18 16:17:47,268 [Worker-15: Launching Executing test in D___Learning_JavaByTelusko_Codes_Junit_Maven] INFO  o.eclipse.m2e.core.internal.Bundles - 	Entry: C:\Users\AGL\.p2\pool\plugins\org.eclipse.m2e.maven.runtime_3.9.400.20230826-0755\jars\plexus-utils-3.5.1.jar
2024-06-18 16:17:47,269 [Worker-15: Launching Executing test in D___Learning_JavaByTelusko_Codes_Junit_Maven] INFO  o.eclipse.m2e.core.internal.Bundles - 	Entry: C:\Users\AGL\.p2\pool\plugins\org.eclipse.m2e.maven.runtime_3.9.400.20230826-0755\jars\wagon-file-3.5.3.jar
2024-06-18 16:17:47,269 [Worker-15: Launching Executing test in D___Learning_JavaByTelusko_Codes_Junit_Maven] INFO  o.eclipse.m2e.core.internal.Bundles - 	Entry: C:\Users\AGL\.p2\pool\plugins\org.eclipse.m2e.maven.runtime_3.9.400.20230826-0755\jars\wagon-provider-api-3.5.3.jar
2024-06-18 16:17:47,271 [Worker-15: Launching Executing test in D___Learning_JavaByTelusko_Codes_Junit_Maven] INFO  o.eclipse.m2e.core.internal.Bundles - getClasspathEntries(Bundle=com.google.guava_32.1.2.jre [10])
2024-06-18 16:17:47,272 [Worker-15: Launching Executing test in D___Learning_JavaByTelusko_Codes_Junit_Maven] INFO  o.eclipse.m2e.core.internal.Bundles - 	Entry: C:\Users\AGL\.p2\pool\plugins\com.google.guava_32.1.2.jre.jar
2024-06-18 16:17:47,272 [Worker-15: Launching Executing test in D___Learning_JavaByTelusko_Codes_Junit_Maven] INFO  o.eclipse.m2e.core.internal.Bundles - getClasspathEntries(Bundle=slf4j.api_2.0.13 [515])
2024-06-18 16:17:47,273 [Worker-15: Launching Executing test in D___Learning_JavaByTelusko_Codes_Junit_Maven] INFO  o.eclipse.m2e.core.internal.Bundles - 	Entry: C:\Users\AGL\.p2\pool\plugins\slf4j.api_2.0.13.jar
2024-06-18 16:17:47,273 [Worker-15: Launching Executing test in D___Learning_JavaByTelusko_Codes_Junit_Maven] INFO  o.eclipse.m2e.core.internal.Bundles - getClasspathEntries(Bundle=javax.inject_1.0.0.v20220405-0441 [26])
2024-06-18 16:17:47,274 [Worker-15: Launching Executing test in D___Learning_JavaByTelusko_Codes_Junit_Maven] INFO  o.eclipse.m2e.core.internal.Bundles - 	Entry: C:\Users\AGL\.p2\pool\plugins\javax.inject_1.0.0.v20220405-0441.jar
2024-06-18 16:17:47,274 [Worker-15: Launching Executing test in D___Learning_JavaByTelusko_Codes_Junit_Maven] INFO  o.eclipse.m2e.core.internal.Bundles - getClasspathEntries(Bundle=javax.annotation_1.3.5.v20200909-1856 [24])
2024-06-18 16:17:47,275 [Worker-15: Launching Executing test in D___Learning_JavaByTelusko_Codes_Junit_Maven] INFO  o.eclipse.m2e.core.internal.Bundles - 	Entry: C:\Users\AGL\.p2\pool\plugins\javax.annotation_1.3.5.v20200909-1856.jar
2024-06-18 16:17:47,275 [Worker-15: Launching Executing test in D___Learning_JavaByTelusko_Codes_Junit_Maven] INFO  o.eclipse.m2e.core.internal.Bundles - getClasspathEntries(Bundle=org.apache.commons.cli_1.5.0 [49])
2024-06-18 16:17:47,276 [Worker-15: Launching Executing test in D___Learning_JavaByTelusko_Codes_Junit_Maven] INFO  o.eclipse.m2e.core.internal.Bundles - 	Entry: C:\Users\AGL\.p2\pool\plugins\org.apache.commons.cli_1.5.0.jar
2024-06-18 16:17:47,276 [Worker-15: Launching Executing test in D___Learning_JavaByTelusko_Codes_Junit_Maven] INFO  o.eclipse.m2e.core.internal.Bundles - getClasspathEntries(Bundle=com.google.guava.failureaccess_1.0.1 [12])
2024-06-18 16:17:47,278 [Worker-15: Launching Executing test in D___Learning_JavaByTelusko_Codes_Junit_Maven] INFO  o.eclipse.m2e.core.internal.Bundles - 	Entry: C:\Users\AGL\.p2\pool\plugins\com.google.guava.failureaccess_1.0.1.jar
2024-06-18 16:17:47,285 [Worker-15: Launching Executing test in D___Learning_JavaByTelusko_Codes_Junit_Maven] INFO  o.e.m.i.launch.MavenLaunchDelegate - Run build in "D:\_Learning\JavaByTelusko\Codes\Junit\Maven":
2024-06-18 16:17:47,285 [Worker-15: Launching Executing test in D___Learning_JavaByTelusko_Codes_Junit_Maven] INFO  o.e.m.i.launch.MavenLaunchDelegate -  mvn  -B -Dstyle.color=always test
2024-06-18 16:18:32,731 [Worker-15: Launching Executing test in D___Learning_JavaByTelusko_Codes_Junit_Maven] INFO  o.eclipse.m2e.core.internal.Bundles - getClasspathEntries(Bundle=org.eclipse.m2e.maven.runtime_3.9.400.20230826-0755 [295])
2024-06-18 16:18:32,733 [Worker-15: Launching Executing test in D___Learning_JavaByTelusko_Codes_Junit_Maven] INFO  o.eclipse.m2e.core.internal.Bundles - 	Entry: C:\Users\AGL\.p2\pool\plugins\org.eclipse.m2e.maven.runtime_3.9.400.20230826-0755
2024-06-18 16:18:32,734 [Worker-15: Launching Executing test in D___Learning_JavaByTelusko_Codes_Junit_Maven] INFO  o.eclipse.m2e.core.internal.Bundles - 	Entry: C:\Users\AGL\.p2\pool\plugins\org.eclipse.m2e.maven.runtime_3.9.400.20230826-0755\jars\aether-connector-okhttp-0.17.8.jar
2024-06-18 16:18:32,735 [Worker-15: Launching Executing test in D___Learning_JavaByTelusko_Codes_Junit_Maven] INFO  o.eclipse.m2e.core.internal.Bundles - 	Entry: C:\Users\AGL\.p2\pool\plugins\org.eclipse.m2e.maven.runtime_3.9.400.20230826-0755\jars\aopalliance-1.0.jar
2024-06-18 16:18:32,736 [Worker-15: Launching Executing test in D___Learning_JavaByTelusko_Codes_Junit_Maven] INFO  o.eclipse.m2e.core.internal.Bundles - 	Entry: C:\Users\AGL\.p2\pool\plugins\org.eclipse.m2e.maven.runtime_3.9.400.20230826-0755\jars\commons-lang3-3.12.0.jar
2024-06-18 16:18:32,736 [Worker-15: Launching Executing test in D___Learning_JavaByTelusko_Codes_Junit_Maven] INFO  o.eclipse.m2e.core.internal.Bundles - 	Entry: C:\Users\AGL\.p2\pool\plugins\org.eclipse.m2e.maven.runtime_3.9.400.20230826-0755\jars\guice-5.1.0.jar
2024-06-18 16:18:32,737 [Worker-15: Launching Executing test in D___Learning_JavaByTelusko_Codes_Junit_Maven] INFO  o.eclipse.m2e.core.internal.Bundles - 	Entry: C:\Users\AGL\.p2\pool\plugins\org.eclipse.m2e.maven.runtime_3.9.400.20230826-0755\jars\jansi-2.4.0.jar
2024-06-18 16:18:32,737 [Worker-15: Launching Executing test in D___Learning_JavaByTelusko_Codes_Junit_Maven] INFO  o.eclipse.m2e.core.internal.Bundles - 	Entry: C:\Users\AGL\.p2\pool\plugins\org.eclipse.m2e.maven.runtime_3.9.400.20230826-0755\jars\maven-artifact-3.9.4.jar
2024-06-18 16:18:32,737 [Worker-15: Launching Executing test in D___Learning_JavaByTelusko_Codes_Junit_Maven] INFO  o.eclipse.m2e.core.internal.Bundles - 	Entry: C:\Users\AGL\.p2\pool\plugins\org.eclipse.m2e.maven.runtime_3.9.400.20230826-0755\jars\maven-builder-support-3.9.4.jar
2024-06-18 16:18:32,738 [Worker-15: Launching Executing test in D___Learning_JavaByTelusko_Codes_Junit_Maven] INFO  o.eclipse.m2e.core.internal.Bundles - 	Entry: C:\Users\AGL\.p2\pool\plugins\org.eclipse.m2e.maven.runtime_3.9.400.20230826-0755\jars\maven-compat-3.9.4.jar
2024-06-18 16:18:32,738 [Worker-15: Launching Executing test in D___Learning_JavaByTelusko_Codes_Junit_Maven] INFO  o.eclipse.m2e.core.internal.Bundles - 	Entry: C:\Users\AGL\.p2\pool\plugins\org.eclipse.m2e.maven.runtime_3.9.400.20230826-0755\jars\maven-core-3.9.4.jar
2024-06-18 16:18:32,739 [Worker-15: Launching Executing test in D___Learning_JavaByTelusko_Codes_Junit_Maven] INFO  o.eclipse.m2e.core.internal.Bundles - 	Entry: C:\Users\AGL\.p2\pool\plugins\org.eclipse.m2e.maven.runtime_3.9.400.20230826-0755\jars\maven-embedder-3.9.4.jar
2024-06-18 16:18:32,739 [Worker-15: Launching Executing test in D___Learning_JavaByTelusko_Codes_Junit_Maven] INFO  o.eclipse.m2e.core.internal.Bundles - 	Entry: C:\Users\AGL\.p2\pool\plugins\org.eclipse.m2e.maven.runtime_3.9.400.20230826-0755\jars\maven-model-3.9.4.jar
2024-06-18 16:18:32,740 [Worker-15: Launching Executing test in D___Learning_JavaByTelusko_Codes_Junit_Maven] INFO  o.eclipse.m2e.core.internal.Bundles - 	Entry: C:\Users\AGL\.p2\pool\plugins\org.eclipse.m2e.maven.runtime_3.9.400.20230826-0755\jars\maven-model-builder-3.9.4.jar
2024-06-18 16:18:32,740 [Worker-15: Launching Executing test in D___Learning_JavaByTelusko_Codes_Junit_Maven] INFO  o.eclipse.m2e.core.internal.Bundles - 	Entry: C:\Users\AGL\.p2\pool\plugins\org.eclipse.m2e.maven.runtime_3.9.400.20230826-0755\jars\maven-plugin-api-3.9.4.jar
2024-06-18 16:18:32,740 [Worker-15: Launching Executing test in D___Learning_JavaByTelusko_Codes_Junit_Maven] INFO  o.eclipse.m2e.core.internal.Bundles - 	Entry: C:\Users\AGL\.p2\pool\plugins\org.eclipse.m2e.maven.runtime_3.9.400.20230826-0755\jars\maven-repository-metadata-3.9.4.jar
2024-06-18 16:18:32,741 [Worker-15: Launching Executing test in D___Learning_JavaByTelusko_Codes_Junit_Maven] INFO  o.eclipse.m2e.core.internal.Bundles - 	Entry: C:\Users\AGL\.p2\pool\plugins\org.eclipse.m2e.maven.runtime_3.9.400.20230826-0755\jars\maven-resolver-api-1.9.14.jar
2024-06-18 16:18:32,741 [Worker-15: Launching Executing test in D___Learning_JavaByTelusko_Codes_Junit_Maven] INFO  o.eclipse.m2e.core.internal.Bundles - 	Entry: C:\Users\AGL\.p2\pool\plugins\org.eclipse.m2e.maven.runtime_3.9.400.20230826-0755\jars\maven-resolver-connector-basic-1.9.14.jar
2024-06-18 16:18:32,742 [Worker-15: Launching Executing test in D___Learning_JavaByTelusko_Codes_Junit_Maven] INFO  o.eclipse.m2e.core.internal.Bundles - 	Entry: C:\Users\AGL\.p2\pool\plugins\org.eclipse.m2e.maven.runtime_3.9.400.20230826-0755\jars\maven-resolver-impl-1.9.14.jar
2024-06-18 16:18:32,742 [Worker-15: Launching Executing test in D___Learning_JavaByTelusko_Codes_Junit_Maven] INFO  o.eclipse.m2e.core.internal.Bundles - 	Entry: C:\Users\AGL\.p2\pool\plugins\org.eclipse.m2e.maven.runtime_3.9.400.20230826-0755\jars\maven-resolver-named-locks-1.9.14.jar
2024-06-18 16:18:32,742 [Worker-15: Launching Executing test in D___Learning_JavaByTelusko_Codes_Junit_Maven] INFO  o.eclipse.m2e.core.internal.Bundles - 	Entry: C:\Users\AGL\.p2\pool\plugins\org.eclipse.m2e.maven.runtime_3.9.400.20230826-0755\jars\maven-resolver-provider-3.9.4.jar
2024-06-18 16:18:32,743 [Worker-15: Launching Executing test in D___Learning_JavaByTelusko_Codes_Junit_Maven] INFO  o.eclipse.m2e.core.internal.Bundles - 	Entry: C:\Users\AGL\.p2\pool\plugins\org.eclipse.m2e.maven.runtime_3.9.400.20230826-0755\jars\maven-resolver-spi-1.9.14.jar
2024-06-18 16:18:32,743 [Worker-15: Launching Executing test in D___Learning_JavaByTelusko_Codes_Junit_Maven] INFO  o.eclipse.m2e.core.internal.Bundles - 	Entry: C:\Users\AGL\.p2\pool\plugins\org.eclipse.m2e.maven.runtime_3.9.400.20230826-0755\jars\maven-resolver-transport-wagon-1.9.14.jar
2024-06-18 16:18:32,744 [Worker-15: Launching Executing test in D___Learning_JavaByTelusko_Codes_Junit_Maven] INFO  o.eclipse.m2e.core.internal.Bundles - 	Entry: C:\Users\AGL\.p2\pool\plugins\org.eclipse.m2e.maven.runtime_3.9.400.20230826-0755\jars\maven-resolver-util-1.9.14.jar
2024-06-18 16:18:32,744 [Worker-15: Launching Executing test in D___Learning_JavaByTelusko_Codes_Junit_Maven] INFO  o.eclipse.m2e.core.internal.Bundles - 	Entry: C:\Users\AGL\.p2\pool\plugins\org.eclipse.m2e.maven.runtime_3.9.400.20230826-0755\jars\maven-settings-3.9.4.jar
2024-06-18 16:18:32,744 [Worker-15: Launching Executing test in D___Learning_JavaByTelusko_Codes_Junit_Maven] INFO  o.eclipse.m2e.core.internal.Bundles - 	Entry: C:\Users\AGL\.p2\pool\plugins\org.eclipse.m2e.maven.runtime_3.9.400.20230826-0755\jars\maven-settings-builder-3.9.4.jar
2024-06-18 16:18:32,745 [Worker-15: Launching Executing test in D___Learning_JavaByTelusko_Codes_Junit_Maven] INFO  o.eclipse.m2e.core.internal.Bundles - 	Entry: C:\Users\AGL\.p2\pool\plugins\org.eclipse.m2e.maven.runtime_3.9.400.20230826-0755\jars\maven-shared-utils-3.3.4.jar
2024-06-18 16:18:32,745 [Worker-15: Launching Executing test in D___Learning_JavaByTelusko_Codes_Junit_Maven] INFO  o.eclipse.m2e.core.internal.Bundles - 	Entry: C:\Users\AGL\.p2\pool\plugins\org.eclipse.m2e.maven.runtime_3.9.400.20230826-0755\jars\okhttp-3.14.1.jar
2024-06-18 16:18:32,746 [Worker-15: Launching Executing test in D___Learning_JavaByTelusko_Codes_Junit_Maven] INFO  o.eclipse.m2e.core.internal.Bundles - 	Entry: C:\Users\AGL\.p2\pool\plugins\org.eclipse.m2e.maven.runtime_3.9.400.20230826-0755\jars\okio-1.17.3.jar
2024-06-18 16:18:32,746 [Worker-15: Launching Executing test in D___Learning_JavaByTelusko_Codes_Junit_Maven] INFO  o.eclipse.m2e.core.internal.Bundles - 	Entry: C:\Users\AGL\.p2\pool\plugins\org.eclipse.m2e.maven.runtime_3.9.400.20230826-0755\jars\org.eclipse.sisu.inject-0.3.5.jar
2024-06-18 16:18:32,746 [Worker-15: Launching Executing test in D___Learning_JavaByTelusko_Codes_Junit_Maven] INFO  o.eclipse.m2e.core.internal.Bundles - 	Entry: C:\Users\AGL\.p2\pool\plugins\org.eclipse.m2e.maven.runtime_3.9.400.20230826-0755\jars\org.eclipse.sisu.plexus-0.3.5.jar
2024-06-18 16:18:32,747 [Worker-15: Launching Executing test in D___Learning_JavaByTelusko_Codes_Junit_Maven] INFO  o.eclipse.m2e.core.internal.Bundles - 	Entry: C:\Users\AGL\.p2\pool\plugins\org.eclipse.m2e.maven.runtime_3.9.400.20230826-0755\jars\plexus-build-api-0.0.7.jar
2024-06-18 16:18:32,747 [Worker-15: Launching Executing test in D___Learning_JavaByTelusko_Codes_Junit_Maven] INFO  o.eclipse.m2e.core.internal.Bundles - 	Entry: C:\Users\AGL\.p2\pool\plugins\org.eclipse.m2e.maven.runtime_3.9.400.20230826-0755\jars\plexus-cipher-2.0.jar
2024-06-18 16:18:32,748 [Worker-15: Launching Executing test in D___Learning_JavaByTelusko_Codes_Junit_Maven] INFO  o.eclipse.m2e.core.internal.Bundles - 	Entry: C:\Users\AGL\.p2\pool\plugins\org.eclipse.m2e.maven.runtime_3.9.400.20230826-0755\jars\plexus-classworlds-2.7.0.jar
2024-06-18 16:18:32,750 [Worker-15: Launching Executing test in D___Learning_JavaByTelusko_Codes_Junit_Maven] INFO  o.eclipse.m2e.core.internal.Bundles - 	Entry: C:\Users\AGL\.p2\pool\plugins\org.eclipse.m2e.maven.runtime_3.9.400.20230826-0755\jars\plexus-component-annotations-2.1.0.jar
2024-06-18 16:18:32,750 [Worker-15: Launching Executing test in D___Learning_JavaByTelusko_Codes_Junit_Maven] INFO  o.eclipse.m2e.core.internal.Bundles - 	Entry: C:\Users\AGL\.p2\pool\plugins\org.eclipse.m2e.maven.runtime_3.9.400.20230826-0755\jars\plexus-interpolation-1.26.jar
2024-06-18 16:18:32,751 [Worker-15: Launching Executing test in D___Learning_JavaByTelusko_Codes_Junit_Maven] INFO  o.eclipse.m2e.core.internal.Bundles - 	Entry: C:\Users\AGL\.p2\pool\plugins\org.eclipse.m2e.maven.runtime_3.9.400.20230826-0755\jars\plexus-sec-dispatcher-2.0.jar
2024-06-18 16:18:32,752 [Worker-15: Launching Executing test in D___Learning_JavaByTelusko_Codes_Junit_Maven] INFO  o.eclipse.m2e.core.internal.Bundles - 	Entry: C:\Users\AGL\.p2\pool\plugins\org.eclipse.m2e.maven.runtime_3.9.400.20230826-0755\jars\plexus-utils-3.5.1.jar
2024-06-18 16:18:32,752 [Worker-15: Launching Executing test in D___Learning_JavaByTelusko_Codes_Junit_Maven] INFO  o.eclipse.m2e.core.internal.Bundles - 	Entry: C:\Users\AGL\.p2\pool\plugins\org.eclipse.m2e.maven.runtime_3.9.400.20230826-0755\jars\wagon-file-3.5.3.jar
2024-06-18 16:18:32,753 [Worker-15: Launching Executing test in D___Learning_JavaByTelusko_Codes_Junit_Maven] INFO  o.eclipse.m2e.core.internal.Bundles - 	Entry: C:\Users\AGL\.p2\pool\plugins\org.eclipse.m2e.maven.runtime_3.9.400.20230826-0755\jars\wagon-provider-api-3.5.3.jar
2024-06-18 16:18:32,753 [Worker-15: Launching Executing test in D___Learning_JavaByTelusko_Codes_Junit_Maven] INFO  o.eclipse.m2e.core.internal.Bundles - getClasspathEntries(Bundle=com.google.guava_32.1.2.jre [10])
2024-06-18 16:18:32,755 [Worker-15: Launching Executing test in D___Learning_JavaByTelusko_Codes_Junit_Maven] INFO  o.eclipse.m2e.core.internal.Bundles - 	Entry: C:\Users\AGL\.p2\pool\plugins\com.google.guava_32.1.2.jre.jar
2024-06-18 16:18:32,755 [Worker-15: Launching Executing test in D___Learning_JavaByTelusko_Codes_Junit_Maven] INFO  o.eclipse.m2e.core.internal.Bundles - getClasspathEntries(Bundle=slf4j.api_2.0.13 [515])
2024-06-18 16:18:32,756 [Worker-15: Launching Executing test in D___Learning_JavaByTelusko_Codes_Junit_Maven] INFO  o.eclipse.m2e.core.internal.Bundles - 	Entry: C:\Users\AGL\.p2\pool\plugins\slf4j.api_2.0.13.jar
2024-06-18 16:18:32,757 [Worker-15: Launching Executing test in D___Learning_JavaByTelusko_Codes_Junit_Maven] INFO  o.eclipse.m2e.core.internal.Bundles - getClasspathEntries(Bundle=javax.inject_1.0.0.v20220405-0441 [26])
2024-06-18 16:18:32,758 [Worker-15: Launching Executing test in D___Learning_JavaByTelusko_Codes_Junit_Maven] INFO  o.eclipse.m2e.core.internal.Bundles - 	Entry: C:\Users\AGL\.p2\pool\plugins\javax.inject_1.0.0.v20220405-0441.jar
2024-06-18 16:18:32,758 [Worker-15: Launching Executing test in D___Learning_JavaByTelusko_Codes_Junit_Maven] INFO  o.eclipse.m2e.core.internal.Bundles - getClasspathEntries(Bundle=javax.annotation_1.3.5.v20200909-1856 [24])
2024-06-18 16:18:32,760 [Worker-15: Launching Executing test in D___Learning_JavaByTelusko_Codes_Junit_Maven] INFO  o.eclipse.m2e.core.internal.Bundles - 	Entry: C:\Users\AGL\.p2\pool\plugins\javax.annotation_1.3.5.v20200909-1856.jar
2024-06-18 16:18:32,760 [Worker-15: Launching Executing test in D___Learning_JavaByTelusko_Codes_Junit_Maven] INFO  o.eclipse.m2e.core.internal.Bundles - getClasspathEntries(Bundle=org.apache.commons.cli_1.5.0 [49])
2024-06-18 16:18:32,761 [Worker-15: Launching Executing test in D___Learning_JavaByTelusko_Codes_Junit_Maven] INFO  o.eclipse.m2e.core.internal.Bundles - 	Entry: C:\Users\AGL\.p2\pool\plugins\org.apache.commons.cli_1.5.0.jar
2024-06-18 16:18:32,761 [Worker-15: Launching Executing test in D___Learning_JavaByTelusko_Codes_Junit_Maven] INFO  o.eclipse.m2e.core.internal.Bundles - getClasspathEntries(Bundle=com.google.guava.failureaccess_1.0.1 [12])
2024-06-18 16:18:32,762 [Worker-15: Launching Executing test in D___Learning_JavaByTelusko_Codes_Junit_Maven] INFO  o.eclipse.m2e.core.internal.Bundles - 	Entry: C:\Users\AGL\.p2\pool\plugins\com.google.guava.failureaccess_1.0.1.jar
2024-06-18 16:18:32,765 [Worker-15: Launching Executing test in D___Learning_JavaByTelusko_Codes_Junit_Maven] INFO  o.e.m.i.launch.MavenLaunchDelegate - Run build in "D:\_Learning\JavaByTelusko\Codes\Junit\Maven":
2024-06-18 16:18:32,765 [Worker-15: Launching Executing test in D___Learning_JavaByTelusko_Codes_Junit_Maven] INFO  o.e.m.i.launch.MavenLaunchDelegate -  mvn  -B -Dstyle.color=always test
2024-06-18 16:19:00,353 [main] INFO  o.e.m2e.actions.ExecutePomAction - Creating new launch configuration
2024-06-18 16:37:53,190 [Worker-20: Updating Maven Dependencies] ERROR o.e.m.j.i.l.MavenLaunchConfigurationListener - Launch configuration JunitTrial references closed project Junit-06
org.eclipse.core.runtime.CoreException: Launch configuration JunitTrial references closed project Junit-06
	at org.eclipse.jdt.launching.JavaRuntime.abort(JavaRuntime.java:1858)
	at org.eclipse.jdt.launching.JavaRuntime.getJavaProject(JavaRuntime.java:1732)
	at org.eclipse.m2e.jdt.internal.launch.MavenLaunchConfigurationListener.updateLaunchConfiguration(MavenLaunchConfigurationListener.java:64)
	at org.eclipse.m2e.jdt.internal.launch.MavenLaunchConfigurationListener.launchConfigurationChanged(MavenLaunchConfigurationListener.java:50)
	at org.eclipse.debug.internal.core.LaunchManager$ConfigurationNotifier.run(LaunchManager.java:223)
	at org.eclipse.core.runtime.SafeRunner.run(SafeRunner.java:45)
	at org.eclipse.debug.internal.core.LaunchManager$ConfigurationNotifier.notify(LaunchManager.java:207)
	at org.eclipse.debug.internal.core.LaunchConfigurationWorkingCopy.setDirty(LaunchConfigurationWorkingCopy.java:527)
	at org.eclipse.debug.internal.core.LaunchConfigurationWorkingCopy.setAttribute(LaunchConfigurationWorkingCopy.java:415)
	at org.eclipse.m2e.jdt.internal.launch.MavenRuntimeClasspathProvider.disable(MavenRuntimeClasspathProvider.java:410)
	at org.eclipse.m2e.jdt.internal.launch.MavenRuntimeClasspathProvider.disable(MavenRuntimeClasspathProvider.java:436)
	at org.eclipse.m2e.jdt.internal.launch.MavenLaunchConfigurationListener.mavenProjectChanged(MavenLaunchConfigurationListener.java:135)
	at org.eclipse.m2e.core.internal.project.registry.ProjectRegistryManager.notifyProjectChangeListeners(ProjectRegistryManager.java:889)
	at org.eclipse.m2e.core.internal.project.registry.ProjectRegistryManager.applyMutableProjectRegistry(ProjectRegistryManager.java:1041)
	at org.eclipse.m2e.core.internal.project.registry.ProjectRegistryRefreshJob.lambda$0(ProjectRegistryRefreshJob.java:162)
	at org.eclipse.m2e.core.internal.embedder.MavenExecutionContext.executeBare(MavenExecutionContext.java:394)
	at org.eclipse.m2e.core.internal.embedder.MavenExecutionContext.execute(MavenExecutionContext.java:275)
	at org.eclipse.m2e.core.internal.embedder.MavenExecutionContext.execute(MavenExecutionContext.java:214)
	at org.eclipse.m2e.core.internal.project.registry.ProjectRegistryRefreshJob.run(ProjectRegistryRefreshJob.java:106)
	at org.eclipse.core.internal.jobs.Worker.run(Worker.java:63)
2024-06-18 16:37:53,200 [Worker-20: Updating Maven Dependencies] ERROR o.e.m.j.i.l.MavenLaunchConfigurationListener - Launch configuration JunitTrial references closed project Junit-06
org.eclipse.core.runtime.CoreException: Launch configuration JunitTrial references closed project Junit-06
	at org.eclipse.jdt.launching.JavaRuntime.abort(JavaRuntime.java:1858)
	at org.eclipse.jdt.launching.JavaRuntime.getJavaProject(JavaRuntime.java:1732)
	at org.eclipse.m2e.jdt.internal.launch.MavenLaunchConfigurationListener.updateLaunchConfiguration(MavenLaunchConfigurationListener.java:64)
	at org.eclipse.m2e.jdt.internal.launch.MavenLaunchConfigurationListener.launchConfigurationChanged(MavenLaunchConfigurationListener.java:50)
	at org.eclipse.debug.internal.core.LaunchManager$ConfigurationNotifier.run(LaunchManager.java:223)
	at org.eclipse.core.runtime.SafeRunner.run(SafeRunner.java:45)
	at org.eclipse.debug.internal.core.LaunchManager$ConfigurationNotifier.notify(LaunchManager.java:207)
	at org.eclipse.debug.internal.core.LaunchConfigurationWorkingCopy.setDirty(LaunchConfigurationWorkingCopy.java:527)
	at org.eclipse.debug.internal.core.LaunchConfigurationWorkingCopy.setAttribute(LaunchConfigurationWorkingCopy.java:415)
	at org.eclipse.m2e.jdt.internal.launch.MavenRuntimeClasspathProvider.disable(MavenRuntimeClasspathProvider.java:411)
	at org.eclipse.m2e.jdt.internal.launch.MavenRuntimeClasspathProvider.disable(MavenRuntimeClasspathProvider.java:436)
	at org.eclipse.m2e.jdt.internal.launch.MavenLaunchConfigurationListener.mavenProjectChanged(MavenLaunchConfigurationListener.java:135)
	at org.eclipse.m2e.core.internal.project.registry.ProjectRegistryManager.notifyProjectChangeListeners(ProjectRegistryManager.java:889)
	at org.eclipse.m2e.core.internal.project.registry.ProjectRegistryManager.applyMutableProjectRegistry(ProjectRegistryManager.java:1041)
	at org.eclipse.m2e.core.internal.project.registry.ProjectRegistryRefreshJob.lambda$0(ProjectRegistryRefreshJob.java:162)
	at org.eclipse.m2e.core.internal.embedder.MavenExecutionContext.executeBare(MavenExecutionContext.java:394)
	at org.eclipse.m2e.core.internal.embedder.MavenExecutionContext.execute(MavenExecutionContext.java:275)
	at org.eclipse.m2e.core.internal.embedder.MavenExecutionContext.execute(MavenExecutionContext.java:214)
	at org.eclipse.m2e.core.internal.project.registry.ProjectRegistryRefreshJob.run(ProjectRegistryRefreshJob.java:106)
	at org.eclipse.core.internal.jobs.Worker.run(Worker.java:63)
2024-06-18 16:37:53,206 [Worker-20: Updating Maven Dependencies] ERROR o.e.m.j.i.l.MavenLaunchConfigurationListener - Launch configuration JunitTrial references closed project Junit-06
org.eclipse.core.runtime.CoreException: Launch configuration JunitTrial references closed project Junit-06
	at org.eclipse.jdt.launching.JavaRuntime.abort(JavaRuntime.java:1858)
	at org.eclipse.jdt.launching.JavaRuntime.getJavaProject(JavaRuntime.java:1732)
	at org.eclipse.m2e.jdt.internal.launch.MavenLaunchConfigurationListener.updateLaunchConfiguration(MavenLaunchConfigurationListener.java:64)
	at org.eclipse.m2e.jdt.internal.launch.MavenLaunchConfigurationListener.launchConfigurationChanged(MavenLaunchConfigurationListener.java:50)
	at org.eclipse.debug.internal.core.LaunchManager$ConfigurationNotifier.run(LaunchManager.java:223)
	at org.eclipse.core.runtime.SafeRunner.run(SafeRunner.java:45)
	at org.eclipse.debug.internal.core.LaunchManager$ConfigurationNotifier.notify(LaunchManager.java:207)
	at org.eclipse.debug.internal.core.LaunchManager.launchConfigurationChanged(LaunchManager.java:2137)
	at org.eclipse.debug.internal.core.LaunchConfigurationWorkingCopy.writeNewFile(LaunchConfigurationWorkingCopy.java:380)
	at org.eclipse.debug.internal.core.LaunchConfigurationWorkingCopy.doSave0(LaunchConfigurationWorkingCopy.java:259)
	at org.eclipse.debug.internal.core.LaunchConfigurationWorkingCopy.doSave(LaunchConfigurationWorkingCopy.java:229)
	at org.eclipse.debug.internal.core.LaunchConfigurationWorkingCopy.doSave(LaunchConfigurationWorkingCopy.java:187)
	at org.eclipse.m2e.jdt.internal.launch.MavenRuntimeClasspathProvider.disable(MavenRuntimeClasspathProvider.java:412)
	at org.eclipse.m2e.jdt.internal.launch.MavenRuntimeClasspathProvider.disable(MavenRuntimeClasspathProvider.java:436)
	at org.eclipse.m2e.jdt.internal.launch.MavenLaunchConfigurationListener.mavenProjectChanged(MavenLaunchConfigurationListener.java:135)
	at org.eclipse.m2e.core.internal.project.registry.ProjectRegistryManager.notifyProjectChangeListeners(ProjectRegistryManager.java:889)
	at org.eclipse.m2e.core.internal.project.registry.ProjectRegistryManager.applyMutableProjectRegistry(ProjectRegistryManager.java:1041)
	at org.eclipse.m2e.core.internal.project.registry.ProjectRegistryRefreshJob.lambda$0(ProjectRegistryRefreshJob.java:162)
	at org.eclipse.m2e.core.internal.embedder.MavenExecutionContext.executeBare(MavenExecutionContext.java:394)
	at org.eclipse.m2e.core.internal.embedder.MavenExecutionContext.execute(MavenExecutionContext.java:275)
	at org.eclipse.m2e.core.internal.embedder.MavenExecutionContext.execute(MavenExecutionContext.java:214)
	at org.eclipse.m2e.core.internal.project.registry.ProjectRegistryRefreshJob.run(ProjectRegistryRefreshJob.java:106)
	at org.eclipse.core.internal.jobs.Worker.run(Worker.java:63)
2024-06-18 20:55:18,032 [Worker-38: Updating Maven Dependencies] INFO  o.e.m.c.i.l.LifecycleMappingFactory - Using org.eclipse.m2e.jdt.JarLifecycleMapping lifecycle mapping for MavenProject: com.learning:Junit-06:0.0.1-SNAPSHOT @ D:\_Learning\JavaByTelusko\Codes\Junit\Maven\pom.xml.
2024-06-18 20:57:13,627 [Worker-38: Building] INFO  o.a.m.s.f.DefaultMavenResourcesFiltering - Copying 0 resource from src\main\resources to target\classes
2024-06-18 20:57:13,632 [Worker-38: Building] INFO  o.a.m.s.f.DefaultMavenResourcesFiltering - Copying 0 resource from src\test\resources to target\test-classes
2024-06-18 20:57:23,005 [Worker-40: Building] INFO  o.a.m.s.f.DefaultMavenResourcesFiltering - Copying 0 resource from src\main\resources to target\classes
2024-06-18 20:57:23,009 [Worker-40: Building] INFO  o.a.m.s.f.DefaultMavenResourcesFiltering - Copying 0 resource from src\test\resources to target\test-classes
2024-06-18 20:57:30,177 [Worker-34: Building] INFO  o.a.m.s.f.DefaultMavenResourcesFiltering - Copying 0 resource from src\main\resources to target\classes
2024-06-18 20:57:30,181 [Worker-34: Building] INFO  o.a.m.s.f.DefaultMavenResourcesFiltering - Copying 0 resource from src\test\resources to target\test-classes
2024-06-18 20:57:40,153 [Worker-38: Building] INFO  o.a.m.s.f.DefaultMavenResourcesFiltering - Copying 0 resource from src\main\resources to target\classes
2024-06-18 20:57:40,156 [Worker-38: Building] INFO  o.a.m.s.f.DefaultMavenResourcesFiltering - Copying 0 resource from src\test\resources to target\test-classes
2024-06-18 20:57:47,718 [Worker-38: Building] INFO  o.a.m.s.f.DefaultMavenResourcesFiltering - Copying 0 resource from src\main\resources to target\classes
2024-06-18 20:57:47,721 [Worker-38: Building] INFO  o.a.m.s.f.DefaultMavenResourcesFiltering - Copying 0 resource from src\test\resources to target\test-classes
2024-06-18 20:58:13,723 [Worker-41: Building] INFO  o.a.m.s.f.DefaultMavenResourcesFiltering - Copying 0 resource from src\main\resources to target\classes
2024-06-18 20:58:13,727 [Worker-41: Building] INFO  o.a.m.s.f.DefaultMavenResourcesFiltering - Copying 0 resource from src\test\resources to target\test-classes
2024-06-18 20:58:36,112 [Worker-39: Building] INFO  o.a.m.s.f.DefaultMavenResourcesFiltering - Copying 0 resource from src\main\resources to target\classes
2024-06-18 20:58:36,116 [Worker-39: Building] INFO  o.a.m.s.f.DefaultMavenResourcesFiltering - Copying 0 resource from src\test\resources to target\test-classes
2024-06-18 20:58:53,687 [Worker-40: Building] INFO  o.a.m.s.f.DefaultMavenResourcesFiltering - Copying 0 resource from src\main\resources to target\classes
2024-06-18 20:58:53,692 [Worker-40: Building] INFO  o.a.m.s.f.DefaultMavenResourcesFiltering - Copying 0 resource from src\test\resources to target\test-classes
2024-06-18 20:58:57,326 [Worker-34: Building] INFO  o.a.m.s.f.DefaultMavenResourcesFiltering - Copying 0 resource from src\main\resources to target\classes
2024-06-18 20:58:57,330 [Worker-34: Building] INFO  o.a.m.s.f.DefaultMavenResourcesFiltering - Copying 0 resource from src\test\resources to target\test-classes
2024-06-18 21:00:36,129 [Worker-38: Building] INFO  o.a.m.s.f.DefaultMavenResourcesFiltering - Copying 0 resource from src\main\resources to target\classes
2024-06-18 21:00:36,132 [Worker-38: Building] INFO  o.a.m.s.f.DefaultMavenResourcesFiltering - Copying 0 resource from src\test\resources to target\test-classes
2024-06-18 21:00:40,940 [Worker-38: Building] INFO  o.a.m.s.f.DefaultMavenResourcesFiltering - Copying 0 resource from src\main\resources to target\classes
2024-06-18 21:00:40,943 [Worker-38: Building] INFO  o.a.m.s.f.DefaultMavenResourcesFiltering - Copying 0 resource from src\test\resources to target\test-classes
2024-06-18 21:02:08,763 [Worker-37: Building] INFO  o.a.m.s.f.DefaultMavenResourcesFiltering - Copying 0 resource from src\main\resources to target\classes
2024-06-18 21:02:08,766 [Worker-37: Building] INFO  o.a.m.s.f.DefaultMavenResourcesFiltering - Copying 0 resource from src\test\resources to target\test-classes
2024-06-18 21:02:14,981 [Worker-42: Building] INFO  o.a.m.s.f.DefaultMavenResourcesFiltering - Copying 0 resource from src\main\resources to target\classes
2024-06-18 21:02:14,984 [Worker-42: Building] INFO  o.a.m.s.f.DefaultMavenResourcesFiltering - Copying 0 resource from src\test\resources to target\test-classes
2024-06-18 21:02:28,653 [Worker-40: Building] INFO  o.a.m.s.f.DefaultMavenResourcesFiltering - Copying 0 resource from src\main\resources to target\classes
2024-06-18 21:02:28,656 [Worker-40: Building] INFO  o.a.m.s.f.DefaultMavenResourcesFiltering - Copying 0 resource from src\test\resources to target\test-classes
2024-06-18 21:03:36,779 [Worker-42: Building] INFO  o.a.m.s.f.DefaultMavenResourcesFiltering - Copying 0 resource from src\main\resources to target\classes
2024-06-18 21:03:36,784 [Worker-42: Building] INFO  o.a.m.s.f.DefaultMavenResourcesFiltering - Copying 0 resource from src\test\resources to target\test-classes
2024-06-18 21:03:40,349 [Worker-40: Building] INFO  o.a.m.s.f.DefaultMavenResourcesFiltering - Copying 0 resource from src\main\resources to target\classes
2024-06-18 21:03:40,353 [Worker-40: Building] INFO  o.a.m.s.f.DefaultMavenResourcesFiltering - Copying 0 resource from src\test\resources to target\test-classes
2024-06-18 21:03:56,828 [Worker-37: Building] INFO  o.a.m.s.f.DefaultMavenResourcesFiltering - Copying 0 resource from src\main\resources to target\classes
2024-06-18 21:03:56,832 [Worker-37: Building] INFO  o.a.m.s.f.DefaultMavenResourcesFiltering - Copying 0 resource from src\test\resources to target\test-classes
2024-06-18 21:04:06,534 [Worker-40: Building] INFO  o.a.m.s.f.DefaultMavenResourcesFiltering - Copying 0 resource from src\main\resources to target\classes
2024-06-18 21:04:06,537 [Worker-40: Building] INFO  o.a.m.s.f.DefaultMavenResourcesFiltering - Copying 0 resource from src\test\resources to target\test-classes
2024-06-18 21:04:11,811 [Worker-38: Building] INFO  o.a.m.s.f.DefaultMavenResourcesFiltering - Copying 0 resource from src\main\resources to target\classes
2024-06-18 21:04:11,813 [Worker-38: Building] INFO  o.a.m.s.f.DefaultMavenResourcesFiltering - Copying 0 resource from src\test\resources to target\test-classes
2024-06-18 21:05:46,452 [Worker-43: Building] INFO  o.a.m.s.f.DefaultMavenResourcesFiltering - Copying 0 resource from src\main\resources to target\classes
2024-06-18 21:05:46,456 [Worker-43: Building] INFO  o.a.m.s.f.DefaultMavenResourcesFiltering - Copying 0 resource from src\test\resources to target\test-classes
2024-06-18 21:10:19,791 [Worker-40: Building] INFO  o.a.m.s.f.DefaultMavenResourcesFiltering - Copying 0 resource from src\main\resources to target\classes
2024-06-18 21:10:19,794 [Worker-40: Building] INFO  o.a.m.s.f.DefaultMavenResourcesFiltering - Copying 0 resource from src\test\resources to target\test-classes
2024-06-18 21:10:40,693 [Worker-37: Building] INFO  o.a.m.s.f.DefaultMavenResourcesFiltering - Copying 0 resource from src\main\resources to target\classes
2024-06-18 21:10:40,695 [Worker-37: Building] INFO  o.a.m.s.f.DefaultMavenResourcesFiltering - Copying 0 resource from src\test\resources to target\test-classes
2024-06-18 21:10:50,791 [Worker-46: Building] INFO  o.a.m.s.f.DefaultMavenResourcesFiltering - Copying 0 resource from src\main\resources to target\classes
2024-06-18 21:10:50,795 [Worker-46: Building] INFO  o.a.m.s.f.DefaultMavenResourcesFiltering - Copying 0 resource from src\test\resources to target\test-classes
2024-06-18 21:10:57,952 [Worker-45: Building] INFO  o.a.m.s.f.DefaultMavenResourcesFiltering - Copying 0 resource from src\main\resources to target\classes
2024-06-18 21:10:57,955 [Worker-45: Building] INFO  o.a.m.s.f.DefaultMavenResourcesFiltering - Copying 0 resource from src\test\resources to target\test-classes
2024-06-18 21:11:58,823 [Worker-46: Building] INFO  o.a.m.s.f.DefaultMavenResourcesFiltering - Copying 0 resource from src\main\resources to target\classes
2024-06-18 21:11:58,826 [Worker-46: Building] INFO  o.a.m.s.f.DefaultMavenResourcesFiltering - Copying 0 resource from src\test\resources to target\test-classes
2024-06-19 18:00:13,772 [Worker-3: Building] INFO  o.a.m.s.f.DefaultMavenResourcesFiltering - Copying 0 resource from src\main\resources to target\classes
2024-06-19 18:00:13,790 [Worker-3: Building] INFO  o.a.m.s.f.DefaultMavenResourcesFiltering - Copying 0 resource from src\test\resources to target\test-classes
2024-06-19 18:00:42,020 [Worker-9: Loading available Gradle versions] INFO  o.e.b.c.i.u.g.PublishedGradleVersions - Gradle version information cache is out-of-date. Trying to update.
